<?xml version="1.0" encoding="UTF-8"?>
<!-- Generated by org.testng.reporters.JUnitReportReporter -->
<testsuite ignored="0" hostname="L-357009218" failures="0" tests="4" name="Engine.Priority" time="0.014" errors="0" timestamp="11 May 2023 10:57:19 GMT" skipped="0">
  <testcase classname="Engine.Priority" name="StartEngine" time="0.011"/>
  <testcase classname="Engine.Priority" name="putFirstGear" time="0.001"/>
  <testcase classname="Engine.Priority" name="putSecondGear" time="0.000"/>
  <testcase classname="Engine.Priority" name="putThirdGear" time="0.002"/>
</testsuite> <!-- Engine.Priority -->
